"../../../Engine/Content/EngineMeshes/Humanoid.uasset" 0
"D:/Unreal Projects/NOONE/Content/AnimStarterPack/UE4_Mannequin/Mesh/falseSkeleton.uasset" 1
"D:/Unreal Projects/NOONE/Content/AnimStarterPack/Aim_Space_Hip.uasset" 2
"D:/Unreal Projects/NOONE/Content/AnimStarterPack/Aim_Space_Ironsights.uasset" 3
"D:/Unreal Projects/NOONE/Content/AnimStarterPack/Crouch_to_Stand_Rifle_Hip.uasset" 4
"D:/Unreal Projects/NOONE/Content/AnimStarterPack/Crouch_to_Stand_Rifle_Ironsights.uasset" 5
"D:/Unreal Projects/NOONE/Content/AnimStarterPack/Crouch_Walk_Bwd_Rifle_Ironsights.uasset" 6
"D:/Unreal Projects/NOONE/Content/AnimStarterPack/Crouch_Walk_Lt_Rifle_Ironsights.uasset" 7
"D:/Unreal Projects/NOONE/Content/AnimStarterPack/Crouch_Walk_Rt_Rifle_Ironsights.uasset" 8
"D:/Unreal Projects/NOONE/Content/AnimStarterPack/Death_1.uasset" 9
"D:/Unreal Projects/NOONE/Content/AnimStarterPack/Death_2.uasset" 10
"D:/Unreal Projects/NOONE/Content/AnimStarterPack/Death_3.uasset" 11
"D:/Unreal Projects/NOONE/Content/AnimStarterPack/Death_Ironsights_1.uasset" 12
"D:/Unreal Projects/NOONE/Content/AnimStarterPack/Death_Ironsights_2.uasset" 13
"D:/Unreal Projects/NOONE/Content/AnimStarterPack/Equip_Rifle_Standing.uasset" 14
"D:/Unreal Projects/NOONE/Content/AnimStarterPack/Fire_Rifle_Hip.uasset" 15
"D:/Unreal Projects/NOONE/Content/AnimStarterPack/Fire_Shotgun_Hip.uasset" 16
"D:/Unreal Projects/NOONE/Content/AnimStarterPack/Fire_Shotgun_Ironsights.uasset" 17
"D:/Unreal Projects/NOONE/Content/AnimStarterPack/Hit_React_4.uasset" 18
"D:/Unreal Projects/NOONE/Content/AnimStarterPack/Idle_Pistol.uasset" 19
"D:/Unreal Projects/NOONE/Content/AnimStarterPack/Idle_Rifle_Ironsights.uasset" 20
"D:/Unreal Projects/NOONE/Content/AnimStarterPack/Jump_From_Stand_Ironsights.uasset" 21
"D:/Unreal Projects/NOONE/Content/AnimStarterPack/Prone_Death_1.uasset" 22
"D:/Unreal Projects/NOONE/Content/AnimStarterPack/Prone_Death_2.uasset" 23
"D:/Unreal Projects/NOONE/Content/AnimStarterPack/Prone_Fire_1.uasset" 24
"D:/Unreal Projects/NOONE/Content/AnimStarterPack/Prone_Fire_2.uasset" 25
"D:/Unreal Projects/NOONE/Content/AnimStarterPack/Prone_Idle.uasset" 26
"D:/Unreal Projects/NOONE/Content/AnimStarterPack/Prone_Reload_Rifle.uasset" 27
"D:/Unreal Projects/NOONE/Content/AnimStarterPack/Prone_Reload_Shotgun.uasset" 28
"D:/Unreal Projects/NOONE/Content/AnimStarterPack/Prone_To_Stand.uasset" 29
"D:/Unreal Projects/NOONE/Content/AnimStarterPack/Reload_Pistol.uasset" 30
"D:/Unreal Projects/NOONE/Content/AnimStarterPack/Reload_Rifle_Ironsights.uasset" 31
"D:/Unreal Projects/NOONE/Content/AnimStarterPack/Reload_Shotgun_Hip.uasset" 32
"D:/Unreal Projects/NOONE/Content/AnimStarterPack/Reload_Shotgun_Ironsights.uasset" 33
"D:/Unreal Projects/NOONE/Content/AnimStarterPack/Sprint_Fwd_Rifle.uasset" 34
"D:/Unreal Projects/NOONE/Content/AnimStarterPack/Stand_to_Crouch_Rifle_Hip.uasset" 35
"D:/Unreal Projects/NOONE/Content/AnimStarterPack/Stand_to_Crouch_Rifle_Ironsights.uasset" 36
"D:/Unreal Projects/NOONE/Content/AnimStarterPack/Stand_To_Prone.uasset" 37
"D:/Unreal Projects/NOONE/Content/AnimStarterPack/Walk_Bwd_Rifle_Ironsights.uasset" 38
"D:/Unreal Projects/NOONE/Content/AnimStarterPack/Walk_Lt_Rifle_Ironsights.uasset" 39
"D:/Unreal Projects/NOONE/Content/AnimStarterPack/Walk_Rt_Rifle_Ironsights.uasset" 40
"D:/Unreal Projects/NOONE/Content/Materials/MAT_Ebase.uasset" 41
"D:/Unreal Projects/NOONE/Content/Materials/Mat_EBlue.uasset" 42
"../../../Engine/Content/Functions/Engine_MaterialFunctions01/Opacity/CameraDepthFade.uasset" 43
"../../../Engine/Content/EngineMaterials/T_Default_Material_Grid_M.uasset" 44
"../../../Engine/Content/EngineMaterials/T_Default_Material_Grid_N.uasset" 45
"../../../Engine/Content/EngineMaterials/DefaultMaterial.uasset" 46
"../../../Engine/Content/BasicShapes/Sphere.uasset" 47
"D:/Unreal Projects/NOONE/Content/Blueprints/Projectile1.uasset" 48
"D:/Unreal Projects/NOONE/Content/Blueprints/Projecctile1.uasset" 49
"../../../Engine/Content/Functions/Engine_MaterialFunctions02/Utility/BlendAngleCorrectedNormals.uasset" 50
"../../../Engine/Content/Functions/MaterialLayerFunctions/MatLayerBlend_NormalBlend.uasset" 51
"../../../Engine/Content/Functions/MaterialLayerFunctions/MatLayerBlend_Simple.uasset" 52
"D:/Unreal Projects/NOONE/Content/FirstPerson/Character/Materials/M_UE4Man_Body.uasset" 53
"D:/Unreal Projects/NOONE/Content/FirstPerson/FPWeapon/Mesh/SK_FPGun_PhysicsAsset.uasset" 54
"D:/Unreal Projects/NOONE/Content/FirstPerson/Meshes/BaseMaterial.uasset" 55
"D:/Unreal Projects/NOONE/Content/FirstPerson/Meshes/CubeMaterialOverride.uasset" 56
"D:/Unreal Projects/NOONE/Content/FirstPerson/Meshes/FirstPersonProjectileMaterial.uasset" 57
"D:/Unreal Projects/NOONE/Content/FirstPerson/Meshes/FirstPersonProjectileMesh.uasset" 58
"D:/Unreal Projects/NOONE/Content/Geometry/Meshes/CubeMaterial.uasset" 59
"D:/Unreal Projects/NOONE/Content/Geometry/Meshes/1M_Cube.uasset" 60
"D:/Unreal Projects/NOONE/Content/Geometry/Meshes/1M_Cube_Chamfer.uasset" 61
"D:/Unreal Projects/NOONE/Content/Geometry/Meshes/TemplateFloor.uasset" 62
"D:/Unreal Projects/NOONE/Content/Mannequin/Character/Mesh/CorrectSkeleton.uasset" 63
"D:/Unreal Projects/NOONE/Content/Mannequin/Animations/noWeapon/ThirdPersonIdle.uasset" 64
"D:/Unreal Projects/NOONE/Content/Mannequin/Animations/ThirdPersonIdle.uasset" 65
"D:/Unreal Projects/NOONE/Content/Mannequin/Animations/noWeapon/ThirdPersonJump_End.uasset" 66
"D:/Unreal Projects/NOONE/Content/Mannequin/Animations/ThirdPersonJump_End.uasset" 67
"D:/Unreal Projects/NOONE/Content/Mannequin/Animations/noWeapon/ThirdPersonJump_Loop.uasset" 68
"D:/Unreal Projects/NOONE/Content/Mannequin/Animations/ThirdPersonJump_Loop.uasset" 69
"D:/Unreal Projects/NOONE/Content/Mannequin/Animations/noWeapon/ThirdPersonJump_Start.uasset" 70
"D:/Unreal Projects/NOONE/Content/Mannequin/Animations/ThirdPersonJump_Start.uasset" 71
"D:/Unreal Projects/NOONE/Content/Mannequin/Animations/noWeapon/ThirdPersonRun.uasset" 72
"D:/Unreal Projects/NOONE/Content/Mannequin/Animations/ThirdPersonRun.uasset" 73
"D:/Unreal Projects/NOONE/Content/Mannequin/Animations/noWeapon/ThirdPersonWalk.uasset" 74
"D:/Unreal Projects/NOONE/Content/Mannequin/Animations/ThirdPersonWalk.uasset" 75
"D:/Unreal Projects/NOONE/Content/Mannequin/Animations/noWeapon/ThirdPerson_IdleRun_2D.uasset" 76
"D:/Unreal Projects/NOONE/Content/Mannequin/Animations/ThirdPerson_IdleRun_2D.uasset" 77
"D:/Unreal Projects/NOONE/Content/Mannequin/Animations/noWeapon/ThirdPerson_Jump.uasset" 78
"D:/Unreal Projects/NOONE/Content/Mannequin/Animations/ThirdPerson_Jump.uasset" 79
"D:/Unreal Projects/NOONE/Content/Mannequin/Animations/RifleAnimations/Jump_From_Jog.uasset" 80
"D:/Unreal Projects/NOONE/Content/Materials/MAT_BlackMetalic.uasset" 81
"D:/Unreal Projects/NOONE/Content/Materials/MAT_Projectile.uasset" 82
"../../../Engine/Content/Functions/Engine_MaterialFunctions01/Density/ExponentialDensity.uasset" 83
"../../../Engine/Content/Functions/Engine_MaterialFunctions01/Gradient/RadialGradientExponential.uasset" 84
"D:/Unreal Projects/NOONE/Content/ParticleSystems/Sprite/MAT_Dots.uasset" 85
"D:/Unreal Projects/NOONE/Content/ThirdPersonBP/ThirdPersonOverview.uasset" 86
"D:/Unreal Projects/NOONE/Content/Mannequin/Animations/AimOffsetRifle/AimOffsetIdleRifle.uasset" 87
"D:/Unreal Projects/NOONE/Content/Mannequin/Animations/AimOffsetRifle/AimRifleCenter.uasset" 88
"D:/Unreal Projects/NOONE/Content/Mannequin/Animations/AimOffsetRifle/AimRifleDown.uasset" 89
"D:/Unreal Projects/NOONE/Content/Mannequin/Animations/AimOffsetRifle/AimRifleUp.uasset" 90
"D:/Unreal Projects/NOONE/Content/Mannequin/Animations/AimOffsetRifle/AimOffset_Rifle.uasset" 91
"D:/Unreal Projects/NOONE/Content/Mannequin/Animations/RifleAnimations/Jump_From_Stand.uasset" 92
"D:/Unreal Projects/NOONE/Content/Mannequin/Animations/RifleAnimations/Jump_From_Stand_Ironsights.uasset" 93
"D:/Unreal Projects/NOONE/Content/Mannequin/Animations/RifleAnimations/Idle_Rifle_Ironsights.uasset" 94
"D:/Unreal Projects/NOONE/Content/Mannequin/Animations/RifleAnimations/Walk_Bwd_Rifle_Ironsights.uasset" 95
"D:/Unreal Projects/NOONE/Content/Mannequin/Animations/RifleAnimations/Walk_Fwd_Rifle_Ironsights.uasset" 96
"D:/Unreal Projects/NOONE/Content/Mannequin/Animations/RifleAnimations/Walk_Lt_Rifle_Ironsights.uasset" 97
"D:/Unreal Projects/NOONE/Content/Mannequin/Animations/RifleAnimations/Walk_Rt_Rifle_Ironsights.uasset" 98
"D:/Unreal Projects/NOONE/Content/Mannequin/Animations/RifleAim_BSP.uasset" 99
"D:/Unreal Projects/NOONE/Content/Mannequin/Animations/RifleAnimations/Idle_Rifle_Hip.uasset" 100
"D:/Unreal Projects/NOONE/Content/Mannequin/Animations/RifleAnimations/Jog_Bwd_Rifle.uasset" 101
"D:/Unreal Projects/NOONE/Content/Mannequin/Animations/RifleAnimations/Jog_Fwd_Rifle.uasset" 102
"D:/Unreal Projects/NOONE/Content/Mannequin/Animations/RifleAnimations/Jog_Lt_Rifle.uasset" 103
"D:/Unreal Projects/NOONE/Content/Mannequin/Animations/RifleAnimations/Jog_Rt_Rifle.uasset" 104
"D:/Unreal Projects/NOONE/Content/Mannequin/Animations/RifleHip_BSP.uasset" 105
"../../../Engine/Content/EditorBlueprintResources/StandardMacros.uasset" 106
"D:/Unreal Projects/NOONE/Content/Mannequin/Animations/RifleAnimations/Equip_Rifle_Standing.uasset" 107
"D:/Unreal Projects/NOONE/Content/Mannequin/Animations/Montages/EquipRifle.uasset" 108
"D:/Unreal Projects/NOONE/Content/Mannequin/Animations/RifleAnimations/Fire_Rifle_Ironsights.uasset" 109
"D:/Unreal Projects/NOONE/Content/Mannequin/Animations/Montages/FireAimRifle.uasset" 110
"D:/Unreal Projects/NOONE/Content/Mannequin/Animations/RifleAnimations/Fire_Rifle_Hip.uasset" 111
"D:/Unreal Projects/NOONE/Content/Mannequin/Animations/Montages/FireHipRifle.uasset" 112
"D:/Unreal Projects/NOONE/Content/Mannequin/Animations/RifleAnimations/UnEquip_Rifle_Standing.uasset" 113
"D:/Unreal Projects/NOONE/Content/Mannequin/Animations/Montages/UnEquipRifle.uasset" 114
"../../../Engine/Content/EditorBlueprintResources/ActorMacros.uasset" 115
"D:/Unreal Projects/NOONE/Content/Mannequin/Character/Materials/MaterialLayers/T_ML_Rubber_Blue_01_D.uasset" 116
"D:/Unreal Projects/NOONE/Content/Mannequin/Character/Materials/MaterialLayers/T_ML_Rubber_Blue_01_N.uasset" 117
"D:/Unreal Projects/NOONE/Content/Mannequin/Character/Materials/MaterialLayers/ML_GlossyBlack_Latex_UE4.uasset" 118
"D:/Unreal Projects/NOONE/Content/Mannequin/Character/Materials/MaterialLayers/ML_Plastic_Shiny_Beige.uasset" 119
"D:/Unreal Projects/NOONE/Content/Mannequin/Character/Textures/UE4_LOGO_CARD.uasset" 120
"D:/Unreal Projects/NOONE/Content/Mannequin/Character/Materials/MaterialLayers/ML_Plastic_Shiny_Beige_LOGO.uasset" 121
"D:/Unreal Projects/NOONE/Content/Mannequin/Character/Materials/MaterialLayers/T_ML_Aluminum01.uasset" 122
"D:/Unreal Projects/NOONE/Content/Mannequin/Character/Materials/MaterialLayers/T_ML_Aluminum01_N.uasset" 123
"D:/Unreal Projects/NOONE/Content/Mannequin/Character/Materials/MaterialLayers/ML_SoftMetal_UE4.uasset" 124
"D:/Unreal Projects/NOONE/Content/Mannequin/Character/Textures/UE4_Mannequin__normals.uasset" 125
"D:/Unreal Projects/NOONE/Content/Mannequin/Character/Textures/UE4_Mannequin_MAT_MASKA.uasset" 126
"D:/Unreal Projects/NOONE/Content/Mannequin/Character/Materials/M_UE4Man_Body1.uasset" 127
"D:/Unreal Projects/NOONE/Content/FirstPerson/FPWeapon/Materials/M_FPGun.uasset" 128
"D:/Unreal Projects/NOONE/Content/FirstPerson/FPWeapon/Mesh/SK_FPGun_Skeleton.uasset" 129
"D:/Unreal Projects/NOONE/Content/FirstPerson/FPWeapon/Mesh/SK_FPGun.uasset" 130
"D:/Unreal Projects/NOONE/Content/ThirdPersonBP/Blueprints/ThirdPersonCharacter_2.uasset" 131
"D:/Unreal Projects/NOONE/Content/Mannequin/Animations/ThirdPerson_AnimBP.uasset" 132
"D:/Unreal Projects/NOONE/Content/Mannequin/Character/Materials/M_UE4Man_Body.uasset" 133
"D:/Unreal Projects/NOONE/Content/Mannequin/Character/Textures/UE4Man_Logo_N.uasset" 134
"D:/Unreal Projects/NOONE/Content/Mannequin/Character/Materials/M_UE4Man_ChestLogo.uasset" 135
"D:/Unreal Projects/NOONE/Content/Mannequin/Character/Mesh/SK_Mannequin_PhysicsAsset.uasset" 136
"D:/Unreal Projects/NOONE/Content/Mannequin/Character/Mesh/UE4_Mannequin_Skeleton.uasset" 137
"D:/Unreal Projects/NOONE/Content/Mannequin/Character/Mesh/SK_Mannequin.uasset" 138
"D:/Unreal Projects/NOONE/Content/ThirdPersonBP/Blueprints/ThirdPersonCharacter.uasset" 139
"D:/Unreal Projects/NOONE/Content/ThirdPersonBP/Blueprints/ThirdPersonGameMode.uasset" 140
"../../../Engine/Content/Animation/DefaultAnimCurveCompressionSettings.uasset" 141
"../../../Engine/Content/EngineMaterials/WorldGridMaterial.uasset" 142
"../../../Engine/Content/ArtTools/RenderToTexture/Meshes/S_1_Unit_Plane.uasset" 143
"../../../Engine/Content/BasicShapes/Cone.uasset" 144
"../../../Engine/Content/BasicShapes/Cylinder.uasset" 145
"../../../Engine/Content/BasicShapes/Plane.uasset" 146
"../../../Engine/Content/EditorLandscapeResources/DataLayer.uasset" 147
"../../../Engine/Content/EditorMaterials/GizmoMaterial.uasset" 148
"../../../Engine/Content/EditorMaterials/MAT_Groups_Toggle.uasset" 149
"../../../Engine/Content/EditorMaterials/MAT_Groups_Visibility.uasset" 150
"../../../Engine/Content/EditorMaterials/PreviewShadowIndicator.uasset" 151
"../../../Engine/Content/EditorMaterials/PreviewShadowIndicatorMaterial.uasset" 152
"../../../Engine/Content/EditorMaterials/MatineeGroups/MAT_ColorTrack.uasset" 153
"../../../Engine/Content/EditorMaterials/MatineeGroups/MAT_Groups_Anim.uasset" 154
"../../../Engine/Content/EditorMaterials/MatineeGroups/MAT_Groups_AudioMaster.uasset" 155
"../../../Engine/Content/EditorMaterials/MatineeGroups/MAT_Groups_Director.uasset" 156
"../../../Engine/Content/EditorMaterials/MatineeGroups/MAT_Groups_Event.uasset" 157
"../../../Engine/Content/EditorMaterials/MatineeGroups/MAT_Groups_Fade.uasset" 158
"../../../Engine/Content/EditorMaterials/MatineeGroups/MAT_Groups_Float.uasset" 159
"../../../Engine/Content/EditorMaterials/MatineeGroups/MAT_Groups_Move.uasset" 160
"../../../Engine/Content/EditorMaterials/MatineeGroups/MAT_Groups_Slomo.uasset" 161
"../../../Engine/Content/EditorMaterials/MatineeGroups/MAT_Groups_Sound.uasset" 162
"../../../Engine/Content/EditorMaterials/MatineeGroups/MAT_Groups_Vector.uasset" 163
"../../../Engine/Content/EditorMaterials/ParticleSystems/PSysThumbnail_NoImage.uasset" 164
"../../../Engine/Content/EditorMaterials/ParticleSystems/PSysThumbnail_OOD.uasset" 165
"../../../Engine/Content/EditorMaterials/Camera/CineMat.uasset" 166
"../../../Engine/Content/EditorMaterials/Camera/MI_CineMat_Rig.uasset" 167
"../../../Engine/Content/EditorMeshes/Camera/SM_CraneRig_Arm.uasset" 168
"../../../Engine/Content/EditorMeshes/Camera/SM_CraneRig_Base.uasset" 169
"../../../Engine/Content/EditorMeshes/Camera/SM_CraneRig_Body.uasset" 170
"../../../Engine/Content/EditorMeshes/Camera/SM_CraneRig_Mount.uasset" 171
"../../../Engine/Content/EditorMeshes/Camera/SM_RailRig_Mount.uasset" 172
"../../../Engine/Content/EditorMeshes/Camera/SM_RailRig_Track.uasset" 173
"../../../Engine/Content/EditorResources/BSPVertex.uasset" 174
"../../../Engine/Content/EditorResources/EmptyActor.uasset" 175
"../../../Engine/Content/EditorResources/S_Actor.uasset" 176
"../../../Engine/Content/EditorResources/S_Note.uasset" 177
"../../../Engine/Content/EditorResources/S_Solver.uasset" 178
"../../../Engine/Content/EditorResources/S_Trigger.uasset" 179
"../../../Engine/Content/EditorResources/LightIcons/S_LightError.uasset" 180
"../../../Engine/Content/EditorResources/SequenceRecorder/Countdown.uasset" 181
"../../../Engine/Content/EditorResources/SequenceRecorder/RecordingIndicator.uasset" 182
"../../../Engine/Content/EditorSounds/Notifications/CompileFailed.uasset" 183
"../../../Engine/Content/EditorSounds/Notifications/CompileFailed_Cue.uasset" 184
"../../../Engine/Content/EditorSounds/Notifications/CompileSuccess.uasset" 185
"../../../Engine/Content/EditorSounds/Notifications/CompileStart_Cue.uasset" 186
"../../../Engine/Content/EditorSounds/Notifications/CompileSuccess_Cue.uasset" 187
"../../../Engine/Content/EngineDamageTypes/DmgTypeBP_Environmental.uasset" 188
"../../../Engine/Content/EngineDebugMaterials/HeatmapGradient.uasset" 189
"../../../Engine/Content/EngineDebugMaterials/BoneWeightMaterial.uasset" 190
"../../../Engine/Content/EngineDebugMaterials/ClothMaterial.uasset" 191
"../../../Engine/Content/EngineDebugMaterials/ClothMaterial_WF.uasset" 192
"../../../Engine/Content/EngineDebugMaterials/DebugEditorMaterial.uasset" 193
"../../../Engine/Content/EngineDebugMaterials/DebugMeshMaterial.uasset" 194
"../../../Engine/Content/EngineDebugMaterials/GeomMaterial.uasset" 195
"../../../Engine/Content/EngineDebugMaterials/M_SimpleTranslucent.uasset" 196
"../../../Engine/Content/Functions/Engine_MaterialFunctions02/Utility/CameraDirectionVector.uasset" 197
"../../../Engine/Content/EngineDebugMaterials/VolumeToRender.uasset" 198
"../../../Engine/Content/EngineDebugMaterials/M_VolumeRenderSphereTracePP.uasset" 199
"../../../Engine/Content/EngineDebugMaterials/WireframeMaterial.uasset" 200
"../../../Engine/Content/EngineFonts/Faces/RobotoBold.uasset" 201
"../../../Engine/Content/EngineFonts/Faces/RobotoBoldItalic.uasset" 202
"../../../Engine/Content/EngineFonts/Faces/RobotoItalic.uasset" 203
"../../../Engine/Content/EngineFonts/Faces/RobotoLight.uasset" 204
"../../../Engine/Content/EngineFonts/Faces/RobotoRegular.uasset" 205
"../../../Engine/Content/EngineFonts/Roboto.uasset" 206
"../../../Engine/Content/EngineFonts/Faces/RobotoTiny.uasset" 207
"../../../Engine/Content/EngineFonts/RobotoTiny.uasset" 208
"../../../Engine/Content/EngineMaterials/BaseFlattenDiffuseMap.uasset" 209
"../../../Engine/Content/EngineMaterials/BaseFlattenEmissiveMap.uasset" 210
"../../../Engine/Content/EngineMaterials/BaseFlattenGrayscaleMap.uasset" 211
"../../../Engine/Content/EngineMaterials/BaseFlattenNormalMap.uasset" 212
"../../../Engine/Content/EngineMaterials/BaseFlattenMaterial.uasset" 213
"../../../Engine/Content/EngineMaterials/BlueNoise.uasset" 214
"../../../Engine/Content/EngineMaterials/DefaultBloomKernel.uasset" 215
"../../../Engine/Content/EngineMaterials/DefaultBokeh.uasset" 216
"../../../Engine/Content/EngineMaterials/DefaultDiffuse.uasset" 217
"../../../Engine/Content/EngineMaterials/DefaultDeferredDecalMaterial.uasset" 218
"../../../Engine/Content/EngineMaterials/DefaultLightFunctionMaterial.uasset" 219
"../../../Engine/Content/EngineMaterials/DefaultPhysicalMaterial.uasset" 220
"../../../Engine/Content/Functions/Engine_MaterialFunctions02/Utility/BreakOutFloat2Components.uasset" 221
"../../../Engine/Content/EngineMaterials/DefaultPostProcessMaterial.uasset" 222
"../../../Engine/Content/EngineFonts/RobotoDistanceField.uasset" 223
"../../../Engine/Content/EngineMaterials/DefaultTextMaterialOpaque.uasset" 224
"../../../Engine/Content/EngineMaterials/DefaultVirtualTextureMaterial.uasset" 225
"../../../Engine/Content/EngineMaterials/DefaultWhiteGrid.uasset" 226
"../../../Engine/Content/EngineMaterials/EditorBrushMaterial.uasset" 227
"../../../Engine/Content/EngineMaterials/DefaultWhiteGrid_Low.uasset" 228
"../../../Engine/Content/EngineMaterials/EmissiveMeshMaterial.uasset" 229
"../../../Engine/Content/EngineMaterials/Good64x64TilingNoiseHighFreq.uasset" 230
"../../../Engine/Content/EngineMaterials/MiniFont.uasset" 231
"../../../Engine/Content/EngineMaterials/InvalidLightmapSettings.uasset" 232
"../../../Engine/Content/EngineMaterials/M_InvalidLightmapSettings.uasset" 233
"../../../Engine/Content/Functions/Engine_MaterialFunctions02/WorldPositionOffset/CameraOffset.uasset" 234
"../../../Engine/Content/EngineMaterials/PhAT_JointLimitMaterial.uasset" 235
"../../../Engine/Content/EngineMaterials/PreintegratedSkinBRDF.uasset" 236
"../../../Engine/Content/EngineMaterials/RemoveSurfaceMaterial.uasset" 237
"../../../Engine/Content/EngineMaterials/WeightMapPlaceholderTexture.uasset" 238
"../../../Engine/Content/EngineResources/WhiteSquareTexture.uasset" 239
"../../../Engine/Content/EngineMaterials/Widget3DPassThrough.uasset" 240
"../../../Engine/Content/EngineMaterials/Widget3DPassThrough_Masked.uasset" 241
"../../../Engine/Content/EngineMaterials/Widget3DPassThrough_Opaque.uasset" 242
"../../../Engine/Content/EngineMaterials/Widget3DPassThrough_Masked_OneSided.uasset" 243
"../../../Engine/Content/EngineMaterials/Widget3DPassThrough_Opaque_OneSided.uasset" 244
"../../../Engine/Content/EngineMaterials/Widget3DPassThrough_Translucent.uasset" 245
"../../../Engine/Content/EngineMaterials/Widget3DPassThrough_Translucent_OneSided.uasset" 246
"../../../Engine/Content/EngineMeshes/Cylinder.uasset" 247
"../../../Engine/Content/EngineMeshes/Sphere.uasset" 248
"../../../Engine/Content/EngineResources/Black.uasset" 249
"../../../Engine/Content/EngineResources/DefaultTexture.uasset" 250
"../../../Engine/Content/EngineResources/DefaultTextureCube.uasset" 251
"../../../Engine/Content/EngineResources/DefaultVolumeTexture2D.uasset" 252
"../../../Engine/Content/EngineResources/DefaultVolumeTexture.uasset" 253
"../../../Engine/Content/EngineResources/GradientTexture0.uasset" 254
"../../../Engine/Content/EngineSounds/Master.uasset" 255
"../../../Engine/Content/Functions/Engine_MaterialFunctions01/Shading/ConvertFromDiffSpec.uasset" 256
"../../../Engine/Content/Functions/Engine_MaterialFunctions01/Shading/PowerToRoughness.uasset" 257
"../../../Engine/Content/Maps/Templates/Thumbnails/Default.uasset" 258
"../../../Engine/Content/Maps/Templates/Thumbnails/VR-Basic.uasset" 259
"../../../Engine/Content/MobileResources/T_MobileControls_texture.uasset" 260
"../../../Engine/Content/MobileResources/T_MobileMenu2.uasset" 261
"../../../Engine/Content/MobileResources/HUD/AnalogHat.uasset" 262
"../../../Engine/Content/MobileResources/HUD/VirtualJoystick_Background.uasset" 263
"../../../Engine/Content/MobileResources/HUD/VirtualJoystick_Thumb.uasset" 264
"../../../Engine/Content/MobileResources/HUD/DefaultVirtualJoysticks.uasset" 265
"../../../Engine/Content/MobileResources/HUD/LeftVirtualJoystickOnly.uasset" 266
"../../../Engine/Content/MobileResources/HUD/MobileHUDButton1_off.uasset" 267
"../../../Engine/Content/MobileResources/HUD/MobileHUDButton1_on.uasset" 268
"../../../Engine/Content/MobileResources/HUD/MobileHUDButton2_off.uasset" 269
"../../../Engine/Content/MobileResources/HUD/MobileHUDButton2_on.uasset" 270
"../../../Engine/Content/MobileResources/HUD/MobileHUDButton3.uasset" 271
"../../../Engine/Content/MobileResources/HUD/MobileHUDButtonFire.uasset" 272
"../../../Engine/Content/MobileResources/HUD/MobileHUDDirectionPad.uasset" 273
"../../../Engine/Content/MobileResources/HUD/MobileHUDDirectionPad2.uasset" 274
"../../../Engine/Content/MobileResources/HUD/MobileHUDDirectionPad3.uasset" 275
"../../../Engine/Content/MobileResources/HUD/MobileHUDDirectionStick.uasset" 276
"../../../Engine/Content/MobileResources/HUD/T_Castle_ThumbstickInner.uasset" 277
"../../../Engine/Content/MobileResources/HUD/T_Castle_ThumbstickOutter.uasset" 278
"../../../Engine/Content/Tutorial/ContentIntroCurve.uasset" 279
"../../../Engine/Content/Tutorial/Basics/LevelEditorAttract.uasset" 280
"../../../Engine/Content/Tutorial/Basics/TutorialAssets/icon_tab_Levels_40x.uasset" 281
"../../../Engine/Content/Tutorial/Basics/LevelEditorOverview.uasset" 282
"../../../Engine/Content/Tutorial/BlueprintTutorials/TutorialAssets/Blueprint_64x.uasset" 283
"../../../Engine/Content/Tutorial/BlueprintTutorials/BlueprintEditorTutorial.uasset" 284
"../../../Engine/Content/VREditor/LaserPointer/VR_LaserPower_01.uasset" 285
"../../../Engine/Content/VREditor/TransformGizmo/TransformGizmoMaterial.uasset" 286
"../../../Engine/Content/VREditor/TransformGizmo/TranslucentTransformGizmoMaterial.uasset" 287
"../../../Engine/Content/VREditor/TransformGizmo/BoundingBoxCorner.uasset" 288
"../../../Engine/Content/VREditor/TransformGizmo/BoundingBoxEdge.uasset" 289
"../../../Engine/Content/VREditor/TransformGizmo/PlaneTranslationHandle.uasset" 290
"../../../Engine/Content/VREditor/TransformGizmo/Main.uasset" 291
"../../../Engine/Content/VREditor/TransformGizmo/Xray.uasset" 292
"../../../Engine/Content/VREditor/TransformGizmo/SM_Sequencer_Key.uasset" 293
"../../../Engine/Content/VREditor/TransformGizmo/SM_Sequencer_Node.uasset" 294
"../../Plugins/2D/Paper2D/Content/PlaceholderTextures/DummySpriteTexture.uasset" 295
"../../Plugins/2D/Paper2D/Content/DummySprite.uasset" 296
"../../Plugins/2D/Paper2D/Content/DefaultPaperTerrainMaterial.uasset" 297
"../../Plugins/2D/Paper2D/Content/DummySpriteTexture.uasset" 298
"../../Plugins/2D/Paper2D/Content/DefaultSpriteMaterial.uasset" 299
"../../Plugins/2D/Paper2D/Content/MaskedUnlitSpriteMaterial.uasset" 300
"../../Plugins/2D/Paper2D/Content/OpaqueUnlitSpriteMaterial.uasset" 301
"../../Plugins/FX/Niagara/Content/Enums/ENiagaraBooleanLogicOps.uasset" 302
"../../Plugins/FX/Niagara/Content/Enums/ENiagaraCoordinateSpace.uasset" 303
"../../Plugins/FX/Niagara/Content/Enums/ENiagaraExpansionMode.uasset" 304
"../../Plugins/FX/Niagara/Content/Enums/ENiagaraOrientationAxis.uasset" 305
"../../Plugins/FX/Niagara/Content/Enums/ENiagaraRandomnessMode.uasset" 306
"../../Plugins/Runtime/Oculus/OculusVR/Content/OculusMR_RenderTarget.uasset" 307
"../../../Engine/Content/Functions/Engine_MaterialFunctions02/Utility/BreakOutFloat4Components.uasset" 308
"../../../Engine/Content/Functions/Engine_MaterialFunctions02/Utility/MakeFloat2.uasset" 309
"../../../Engine/Content/Functions/Engine_MaterialFunctions02/Utility/MakeFloat3.uasset" 310
"../../Plugins/Runtime/Oculus/OculusVR/Content/Materials/OculusMR_ChromaKey.uasset" 311
"../../Plugins/Runtime/Oculus/OculusVR/Content/Materials/OculusMR_ChromaKey_Lit.uasset" 312
"../../Plugins/Runtime/Oculus/OculusVR/Content/Materials/OculusMR_OpaqueColoredMaterial.uasset" 313
"../../Plugins/Runtime/Oculus/OculusVR/Content/Materials/OculusMR_WhiteMaterial.uasset" 314
"D:/Unreal Projects/NOONE/Content/UI/KickMessage_WB.uasset" 315
"D:/Unreal Projects/NOONE/Content/Maps/Kicked.umap" 316
"D:/Unreal Projects/NOONE/Content/Blueprints/ChatMessageStructure.uasset" 317
"D:/Unreal Projects/NOONE/Content/UI/ChatMessageChild_WB.uasset" 318
"D:/Unreal Projects/NOONE/Content/UI/ChatWindow_WB.uasset" 319
"D:/Unreal Projects/NOONE/Content/UI/PlayerChild_WB.uasset" 320
"D:/Unreal Projects/NOONE/Content/UI/MainGame_WB.uasset" 321
"D:/Unreal Projects/NOONE/Content/Blueprints/MainPlayerController.uasset" 322
"D:/Unreal Projects/NOONE/Content/Blueprints/MyGameInstance.uasset" 323
"D:/Unreal Projects/NOONE/Content/Blueprints/MainGameMode.uasset" 324
"D:/Unreal Projects/NOONE/Content/Maps/Map1_BuiltData.uasset" 325
"../../../Engine/Content/BasicShapes/BasicShapeMaterial.uasset" 326
"../../../Engine/Content/BasicShapes/Cube.uasset" 327
"../../../Engine/Content/MapTemplates/SM_Template_Map_Floor.uasset" 328
"D:/Unreal Projects/NOONE/Content/ParticleSystems/Sprite/P_Trail.uasset" 329
"D:/Unreal Projects/NOONE/Content/Maps/Map1.umap" 330
"../../../Engine/Content/EngineSky/C_Sky_Cloud_Color.uasset" 331
"../../../Engine/Content/EngineSky/C_Sky_Horizon_Color.uasset" 332
"../../../Engine/Content/EngineSky/C_Sky_Zenith_Color.uasset" 333
"../../../Engine/Content/EngineSky/T_Sky_Blue.uasset" 334
"../../../Engine/Content/EngineSky/T_Sky_Clouds_M.uasset" 335
"../../../Engine/Content/EngineSky/T_Sky_Stars.uasset" 336
"../../../Engine/Content/EngineSky/M_Sky_Panning_Clouds2.uasset" 337
"../../../Engine/Content/EngineSky/SM_SkySphere.uasset" 338
"../../../Engine/Content/EngineSky/BP_Sky_Sphere.uasset" 339
"D:/Unreal Projects/NOONE/Content/Maps/Map2_BuiltData.uasset" 340
"D:/Unreal Projects/NOONE/Content/Maps/Map2.umap" 341
"D:/Unreal Projects/NOONE/Content/Maps/Menu_BuiltData.uasset" 342
"D:/Unreal Projects/NOONE/Content/UI/ServerChild_WB.uasset" 343
"D:/Unreal Projects/NOONE/Content/Blueprints/ServerChildStructure.uasset" 344
"D:/Unreal Projects/NOONE/Content/UI/ServerMenu_WB.uasset" 345
"D:/Unreal Projects/NOONE/Content/UI/MainMenu_WB.uasset" 346
"D:/Unreal Projects/NOONE/Content/Maps/Menu.umap" 347
"D:/Unreal Projects/NOONE/Content/Maps/ServerFull.umap" 348
"D:/Unreal Projects/NOONE/Content/AnimStarterPack/Crouch_Idle_Rifle_Hip.uasset" 349
"D:/Unreal Projects/NOONE/Content/AnimStarterPack/Crouch_Idle_Rifle_Ironsights.uasset" 350
"D:/Unreal Projects/NOONE/Content/AnimStarterPack/Crouch_Walk_Fwd_Rifle_Ironsights.uasset" 351
"D:/Unreal Projects/NOONE/Content/AnimStarterPack/Equip_Pistol_Standing.uasset" 352
"D:/Unreal Projects/NOONE/Content/AnimStarterPack/Fire_Rifle_Ironsights.uasset" 353
"D:/Unreal Projects/NOONE/Content/AnimStarterPack/Hit_React_1.uasset" 354
"D:/Unreal Projects/NOONE/Content/AnimStarterPack/Hit_React_2.uasset" 355
"D:/Unreal Projects/NOONE/Content/AnimStarterPack/Hit_React_3.uasset" 356
"D:/Unreal Projects/NOONE/Content/AnimStarterPack/Idle_Rifle_Hip_Break1.uasset" 357
"D:/Unreal Projects/NOONE/Content/AnimStarterPack/Idle_Rifle_Hip_Break2.uasset" 358
"D:/Unreal Projects/NOONE/Content/AnimStarterPack/Reload_Rifle_Hip.uasset" 359
"D:/Unreal Projects/NOONE/Content/AnimStarterPack/Walk_Fwd_Rifle_Ironsights.uasset" 360
"../../../Engine/Content/TemplateResources/M_Template_Master.uasset" 361
"../../../Engine/Content/TemplateResources/MI_Template_BaseGray_03_Metal.uasset" 362
"../../../Engine/Content/Functions/MaterialLayerFunctions/MatLayerBlend_AO.uasset" 363
"D:/Unreal Projects/NOONE/Content/AnimStarterPack/UE4_Mannequin/Materials/MaterialLayers/T_ML_Rubber_Blue_01_D.uasset" 364
"D:/Unreal Projects/NOONE/Content/AnimStarterPack/UE4_Mannequin/Materials/MaterialLayers/T_ML_Rubber_Blue_01_N.uasset" 365
"D:/Unreal Projects/NOONE/Content/AnimStarterPack/UE4_Mannequin/Materials/MaterialLayers/ML_GlossyBlack_Latex_UE4.uasset" 366
"D:/Unreal Projects/NOONE/Content/AnimStarterPack/UE4_Mannequin/Materials/MaterialLayers/ML_Plastic_Shiny_Beige.uasset" 367
"D:/Unreal Projects/NOONE/Content/AnimStarterPack/UE4_Mannequin/Textures/UE4_LOGO_CARD.uasset" 368
"D:/Unreal Projects/NOONE/Content/AnimStarterPack/UE4_Mannequin/Materials/MaterialLayers/ML_Plastic_Shiny_Beige_LOGO.uasset" 369
"D:/Unreal Projects/NOONE/Content/AnimStarterPack/UE4_Mannequin/Materials/MaterialLayers/T_ML_Aluminum01.uasset" 370
"D:/Unreal Projects/NOONE/Content/AnimStarterPack/UE4_Mannequin/Materials/MaterialLayers/T_ML_Aluminum01_N.uasset" 371
"D:/Unreal Projects/NOONE/Content/AnimStarterPack/UE4_Mannequin/Materials/MaterialLayers/ML_SoftMetal_UE4.uasset" 372
"D:/Unreal Projects/NOONE/Content/AnimStarterPack/UE4_Mannequin/Textures/UE4_Mannequin__normals.uasset" 373
"D:/Unreal Projects/NOONE/Content/AnimStarterPack/UE4_Mannequin/Textures/UE4_Mannequin_MAT_MASKA.uasset" 374
"D:/Unreal Projects/NOONE/Content/AnimStarterPack/UE4_Mannequin/Textures/UE4_Mannequin_occlusion_Mobile.uasset" 375
"D:/Unreal Projects/NOONE/Content/AnimStarterPack/UE4_Mannequin/Materials/M_UE4Man_Body.uasset" 376
"D:/Unreal Projects/NOONE/Content/AnimStarterPack/UE4_Mannequin/Textures/UE4Man_Logo_N.uasset" 377
"D:/Unreal Projects/NOONE/Content/AnimStarterPack/UE4_Mannequin/Materials/M_UE4Man_ChestLogo.uasset" 378
"D:/Unreal Projects/NOONE/Content/AnimStarterPack/UE4_Mannequin/Mesh/SK_Mannequin_PhysicsAsset.uasset" 379
"D:/Unreal Projects/NOONE/Content/AnimStarterPack/UE4_Mannequin/Mesh/SK_Mannequin.uasset" 380
"D:/Unreal Projects/NOONE/Content/AnimStarterPack/Showcase.umap" 381
"../../../Engine/Content/Maps/Entry_BuiltData.uasset" 382
"../../../Engine/Content/Maps/Entry.umap" 383
